2022.01.25 13:13:55 INFO  tracing is disabled for protocol LSP, to enable tracing of incoming and outgoing JSON messages create an empty file at /Users/noobzik/Documents/ESGI/Auto-Infra/Spark-Sumit/.metals/lsp.trace.json or /Users/noobzik/Library/Caches/org.scalameta.metals/lsp.trace.json
2022.01.25 13:13:56 INFO  logging to file /Users/noobzik/Documents/ESGI/Auto-Infra/Spark-Sumit/.metals/metals.log
2022.01.25 13:13:56 INFO  Started: Metals version 0.11.1 in workspace '/Users/noobzik/Documents/ESGI/Auto-Infra/Spark-Sumit' for client Visual Studio Code 1.63.2.
2022.01.25 13:13:56 INFO  Parse release: 17.0.1
2022.01.25 13:13:57 INFO  time: initialize in 1.16s
2022.01.25 13:13:57 WARN  Build server is not auto-connectable.
2022.01.25 13:13:57 WARN  no build target for: /Users/noobzik/Documents/ESGI/Auto-Infra/Spark-Sumit/src/main/scala/main.scala
Jan 25, 2022 1:13:57 PM org.eclipse.lsp4j.jsonrpc.RemoteEndpoint handleCancellation
WARNING: Unmatched cancel notification for request id 2
2022.01.25 13:14:01 INFO  no build target found for /Users/noobzik/Documents/ESGI/Auto-Infra/Spark-Sumit/src/main/scala/main.scala. Using presentation compiler with project's scala-library version: 3.1.0
2022.01.25 13:14:02 INFO  time: code lens generation in 4.2s
Jan 25, 2022 1:14:18 PM org.eclipse.lsp4j.jsonrpc.services.GenericEndpoint notify
INFO: Unsupported notification method: $/setTrace
2022.01.25 13:14:35 INFO  shutting down Metals
2022.01.25 13:14:35 ERROR Unexpected error initializing server
org.eclipse.lsp4j.jsonrpc.ResponseErrorException: Request window/showMessageRequest failed with message: Canceled
	at org.eclipse.lsp4j.jsonrpc.RemoteEndpoint.handleResponse(RemoteEndpoint.java:209)
	at org.eclipse.lsp4j.jsonrpc.RemoteEndpoint.consume(RemoteEndpoint.java:193)
	at org.eclipse.lsp4j.jsonrpc.json.StreamMessageProducer.handleMessage(StreamMessageProducer.java:194)
	at org.eclipse.lsp4j.jsonrpc.json.StreamMessageProducer.listen(StreamMessageProducer.java:94)
	at org.eclipse.lsp4j.jsonrpc.json.ConcurrentMessageProcessor.run(ConcurrentMessageProcessor.java:113)
	at java.util.concurrent.Executors$RunnableAdapter.call(Executors.java:539)
	at java.util.concurrent.FutureTask.run(FutureTask.java:264)
	at java.util.concurrent.ThreadPoolExecutor.runWorker(ThreadPoolExecutor.java:1136)
	at java.util.concurrent.ThreadPoolExecutor$Worker.run(ThreadPoolExecutor.java:635)
	at java.lang.Thread.run(Thread.java:833)

